<?xml version="1.0" encoding="UTF-8"?>
<!-- Generated by org.testng.reporters.JUnitReportReporter -->
<testsuite hostname="DESKTOP-F0JC5PB" name="com.orientechnologies.orient.object.InterfaceTest" tests="2" failures="0" timestamp="5 May 2016 14:24:49 GMT" time="0.843" errors="0">
  <testcase name="noNest" time="0.061" classname="com.orientechnologies.orient.object.InterfaceTest"/>
  <testcase name="nest" time="0.782" classname="com.orientechnologies.orient.object.InterfaceTest"/>
</testsuite> <!-- com.orientechnologies.orient.object.InterfaceTest -->
