<?xml version="1.0" encoding="UTF-8"?>
<!-- Generated by org.testng.reporters.JUnitReportReporter -->
<testsuite hostname="DESKTOP-F0JC5PB" name="com.orientechnologies.orient.object.CustomDatatypeTest" tests="1" failures="0" timestamp="2 May 2016 19:24:54 GMT" time="0.753" errors="0">
  <testcase name="reproduce" time="0.753" classname="com.orientechnologies.orient.object.CustomDatatypeTest"/>
</testsuite> <!-- com.orientechnologies.orient.object.CustomDatatypeTest -->
