<?xml version="1.0" encoding="UTF-8"?>
<!-- Generated by org.testng.reporters.JUnitReportReporter -->
<testsuite hostname="DESKTOP-F0JC5PB" name="com.orientechnologies.orient.object.InterfaceTest" tests="2" failures="0" timestamp="8 May 2016 14:36:04 GMT" time="0.889" errors="0">
  <testcase name="noNest" time="0.067" classname="com.orientechnologies.orient.object.InterfaceTest"/>
  <testcase name="nest" time="0.822" classname="com.orientechnologies.orient.object.InterfaceTest"/>
</testsuite> <!-- com.orientechnologies.orient.object.InterfaceTest -->
